-- Model 0 d2.txt
.Solv_vf = 0
.Surf_SLD = 0.21
.Water_GMO_ratio = 0
.background = GMO_background = 0.0106912 in [0.001,1]
.eccentricity = GMO_eccentricity = 0.484323 in [0.333,3]
.eccentricity_pd = 0
.eccentricity_pd_n = 35
.eccentricity_pd_nsigma = 3
.phi = 60
.phi_pd = 0
.phi_pd_n = 35
.phi_pd_nsigma = 3
.scale = GMO_scale = 0.00356362 in [1e-06,1]
.sld_solvent = 6.7
.sld_solvent_M0 = 0
.sld_solvent_mphi = 0
.sld_solvent_mtheta = 0
.theta = 60
.theta_pd = 0
.theta_pd_n = 35
.theta_pd_nsigma = 3
.up_angle = 0
.up_frac_f = 0
.up_frac_i = 0
.up_phi = 0
.volume = GMO_volume = 31036.9 in [0,1e+08]
.volume_pd = 0
.volume_pd_n = 35
.volume_pd_nsigma = 3
.water_SLD = 0

[chisq=0.828(68), nllf=28.5683]
-- Model 1 d3.txt
.Solv_vf = 0
.Surf_SLD = 0.21
.Water_GMO_ratio = 5
.background = GMO_H2O_bkg = 0.00908297 in [0.001,1]
.eccentricity = GMO_H2O_eccen = 0.658153 in [0.333,3]
.eccentricity_pd = 0
.eccentricity_pd_n = 35
.eccentricity_pd_nsigma = 3
.phi = 60
.phi_pd = 0
.phi_pd_n = 35
.phi_pd_nsigma = 3
.scale = GMO_H2O_scale = 0.00610802 in [1e-06,1]
.sld_solvent = 6.7
.sld_solvent_M0 = 0
.sld_solvent_mphi = 0
.sld_solvent_mtheta = 0
.theta = 60
.theta_pd = 0
.theta_pd_n = 35
.theta_pd_nsigma = 3
.up_angle = 0
.up_frac_f = 0
.up_frac_i = 0
.up_phi = 0
.volume = GMO_H2O_volume = 126331 in [0,1e+08]
.volume_pd = 0
.volume_pd_n = 35
.volume_pd_nsigma = 3
.water_SLD = -0.54

[chisq=1.676(68), nllf=57.8318]
-- Model 2 d4.txt
.Solv_vf = 0
.Surf_SLD = 0.21
.Water_GMO_ratio = 5
.background = GMO_D2O_bkg = 0.0161885 in [0.001,1]
.eccentricity = GMO_H2O_eccen = 0.658153 in [0.333,3]
.eccentricity_pd = 0
.eccentricity_pd_n = 35
.eccentricity_pd_nsigma = 3
.phi = 60
.phi_pd = 0
.phi_pd_n = 35
.phi_pd_nsigma = 3
.scale = GMO_D2O_scale = 0.00521963 in [1e-06,1]
.sld_solvent = 6.7
.sld_solvent_M0 = 0
.sld_solvent_mphi = 0
.sld_solvent_mtheta = 0
.theta = 60
.theta_pd = 0
.theta_pd_n = 35
.theta_pd_nsigma = 3
.up_angle = 0
.up_frac_f = 0
.up_frac_i = 0
.up_phi = 0
.volume = GMO_H2O_volume = 126331 in [0,1e+08]
.volume_pd = 0
.volume_pd_n = 35
.volume_pd_nsigma = 3
.water_SLD = 6.37

[chisq=1.436(68), nllf=49.5476]
[overall chisq=1.380(59), nllf=135.948]
              Parameter       mean  median    best [   68% interval] [   95% interval]
 1       GMO_background 0.01093(77) 0.01091 0.01069 [ 0.0102  0.0117] [ 0.0095  0.0125]
 2     GMO_eccentricity   0.70(51)   0.489   0.484 [   0.47    0.55] [   0.45    1.93]
 3            GMO_scale 0.00353(12) 0.003541 0.003564 [0.00340 0.00364] [0.00328 0.00373]
 4           GMO_volume 31.4(11)e3   31195   31037 [  30410   32620] [  29700   33940]
 5          GMO_H2O_bkg 0.00893(45) 0.00893 0.00908 [ 0.0085  0.0094] [ 0.0080  0.0098]
 6        GMO_H2O_eccen  0.658(18)  0.6578  0.6582 [  0.652   0.663] [  0.647   0.669]
 7        GMO_H2O_scale 0.006113(16) 0.0061131 0.0061080 [0.006097 0.006129] [0.006081 0.006145]
 8       GMO_H2O_volume 126.26(37)e3  126262  126331 [ 125890  126630] [ 125530  126990]
 9          GMO_D2O_bkg 0.01620(43) 0.01620 0.01619 [ 0.0158  0.0166] [ 0.0154  0.0170]
10        GMO_D2O_scale 0.005220(17) 0.0052196 0.0052196 [0.005203 0.005236] [0.005187 0.005253]

Statistics and plots based on 1000100 samples (100.0% of total samples drawn)
